<?xml version="1.0" encoding="UTF-8"?>
<!-- Generated by org.testng.reporters.JUnitXMLReporter -->
<testsuite ignored="0" hostname="DESKTOP-CAHMHLK" failures="1" tests="3" name="Test" time="19.62" errors="0" timestamp="2025-02-15T14:10:41 IST">
  <testcase classname="ExtentReportMethod.UsingListeners" name="main2" time="1.026">
    <failure type="org.testng.internal.thread.ThreadTimeoutException" message="Method ExtentReportMethod.UsingListeners.main2() didn&amp;apos;t finish within the time-out 1000">
      <![CDATA[org.testng.internal.thread.ThreadTimeoutException: Method ExtentReportMethod.UsingListeners.main2() didn't finish within the time-out 1000
at java.base@17.0.13/java.lang.Thread.sleep(Native Method)
at app//ExtentReportMethod.UsingListeners.main2(UsingListeners.java:17)
at java.base@17.0.13/java.util.concurrent.FutureTask.run(FutureTask.java:264)
at java.base@17.0.13/java.util.concurrent.ThreadPoolExecutor.runWorker(ThreadPoolExecutor.java:1136)
at java.base@17.0.13/java.util.concurrent.ThreadPoolExecutor$Worker.run(ThreadPoolExecutor.java:635)
at java.base@17.0.13/java.lang.Thread.run(Thread.java:840)
... Removed 8 stack frames]]>
    </failure>
  </testcase> <!-- main2 -->
  <testcase classname="ExtentReportMethod.UsingListeners" name="main1" time="0.001"/>
  <testcase classname="ExtentReportMethod.UsingListeners" name="main3" time="0.0">
    <skipped/>
  </testcase> <!-- main3 -->
</testsuite> <!-- Test -->
