<?xml version="1.0" encoding="UTF-8"?>
<testng-results ignored="0" total="1" passed="1" failed="0" skipped="0">
  <reporter-output>
  </reporter-output>
  <suite started-at="2025-02-18T14:06:29 IST" name="Default suite" finished-at="2025-02-18T14:06:38 IST" duration-ms="8705">
    <groups>
    </groups>
    <test started-at="2025-02-18T14:06:29 IST" name="Default test" finished-at="2025-02-18T14:06:38 IST" duration-ms="8705">
      <class name="PageObjectModel.Login">
        <test-method signature="main()[pri:0, instance:PageObjectModel.Login@7b36aa0c]" started-at="2025-02-18T14:06:29 IST" name="main" finished-at="2025-02-18T14:06:38 IST" duration-ms="8675" status="PASS">
          <reporter-output>
          </reporter-output>
        </test-method> <!-- main -->
      </class> <!-- PageObjectModel.Login -->
    </test> <!-- Default test -->
  </suite> <!-- Default suite -->
</testng-results>
